<?xml version="1.0" encoding="UTF-8"?>
<!-- Generated by org.testng.reporters.JUnitXMLReporter -->
<testsuite ignored="1" hostname="Balaji" failures="0" tests="2" name="Default test" time="77.764" errors="0" timestamp="2022-04-20T12:38:44 IST">
  <testcase classname="com.harman.test.LoginTest" name="invalidCredentialTest" time="15.159"/>
  <testcase classname="com.harman.test.LoginTest" name="invalidCredentialTest" time="6.485"/>
  <testcase classname="com.harman.test.LoginTest" name="validCredentialTest" time="0.0">
    <ignored/>
  </testcase> <!-- validCredentialTest -->
</testsuite> <!-- Default test -->
