<?xml version="1.0" encoding="UTF-8"?>
<testng-results ignored="0" total="1" passed="1" failed="0" skipped="0">
  <reporter-output>
    <line>
      <![CDATA[validateTitleTest done - OrangeHRM]]>
    </line>
  </reporter-output>
  <suite started-at="2022-04-20T13:20:12 IST" name="Default suite" finished-at="2022-04-20T13:20:34 IST" duration-ms="22311">
    <groups>
    </groups>
    <test started-at="2022-04-20T13:20:12 IST" name="Default test" finished-at="2022-04-20T13:20:34 IST" duration-ms="22311">
      <class name="com.harman.test.LoginUserInterfaceTest">
        <test-method is-config="true" signature="setup()[pri:0, instance:com.harman.test.LoginUserInterfaceTest@31fa1761]" started-at="2022-04-20T13:20:12 IST" name="setup" finished-at="2022-04-20T13:20:32 IST" duration-ms="20149" status="PASS">
          <reporter-output>
          </reporter-output>
        </test-method> <!-- setup -->
        <test-method signature="validateTitleTest()[pri:0, instance:com.harman.test.LoginUserInterfaceTest@31fa1761]" started-at="2022-04-20T13:20:32 IST" name="validateTitleTest" finished-at="2022-04-20T13:20:32 IST" duration-ms="20" status="PASS">
          <reporter-output>
            <line>
              <![CDATA[validateTitleTest done - OrangeHRM]]>
            </line>
          </reporter-output>
        </test-method> <!-- validateTitleTest -->
        <test-method is-config="true" signature="teardown()[pri:0, instance:com.harman.test.LoginUserInterfaceTest@31fa1761]" started-at="2022-04-20T13:20:32 IST" name="teardown" finished-at="2022-04-20T13:20:34 IST" duration-ms="2088" status="PASS">
          <reporter-output>
          </reporter-output>
        </test-method> <!-- teardown -->
      </class> <!-- com.harman.test.LoginUserInterfaceTest -->
    </test> <!-- Default test -->
  </suite> <!-- Default suite -->
</testng-results>
